{
  "stats": {
    "suites": 1,
    "tests": 4,
    "passes": 4,
    "pending": 0,
    "failures": 0,
    "start": "2024-09-06T12:32:30.271Z",
    "end": "2024-09-06T12:32:40.944Z",
    "duration": 10673,
    "testsRegistered": 4,
    "passPercent": 100,
    "pendingPercent": 0,
    "other": 0,
    "hasOther": false,
    "skipped": 0,
    "hasSkipped": false
  },
  "results": [
    {
      "uuid": "696ed38c-fd40-4240-ad30-72e1cbacf6d7",
      "title": "",
      "fullFile": "D:\\shoutL\\shoutLTest\\test\\devLogin.js",
      "file": "\\test\\devLogin.js",
      "beforeHooks": [],
      "afterHooks": [],
      "tests": [],
      "suites": [
        {
          "uuid": "a056842a-8a48-4225-adcb-a971fff6f5fe",
          "title": "ShoutL Login Unit Testing",
          "fullFile": "D:\\shoutL\\shoutLTest\\test\\devLogin.js",
          "file": "\\test\\devLogin.js",
          "beforeHooks": [
            {
              "title": "\"before all\" hook in \"ShoutL Login Unit Testing\"",
              "fullTitle": "ShoutL Login Unit Testing \"before all\" hook in \"ShoutL Login Unit Testing\"",
              "timedOut": false,
              "duration": 881,
              "state": null,
              "speed": null,
              "pass": false,
              "fail": false,
              "pending": false,
              "context": null,
              "code": "driver = await new Builder().forBrowser(Browser.CHROME).build();\nconsole.log(\"Driver accessed successfully\");",
              "err": {},
              "uuid": "765b90b5-0e28-4c1e-a291-8d6f0b210e96",
              "parentUUID": "a056842a-8a48-4225-adcb-a971fff6f5fe",
              "isHook": true,
              "skipped": false
            }
          ],
          "afterHooks": [
            {
              "title": "\"after all\" hook in \"ShoutL Login Unit Testing\"",
              "fullTitle": "ShoutL Login Unit Testing \"after all\" hook in \"ShoutL Login Unit Testing\"",
              "timedOut": false,
              "duration": 50,
              "state": null,
              "speed": null,
              "pass": false,
              "fail": false,
              "pending": false,
              "context": null,
              "code": "await driver.quit();\nconsole.log(\"Closed webDriver instance...\");",
              "err": {},
              "uuid": "3d78b72e-dd39-4a6c-9ca6-6e5ce6a4f4b7",
              "parentUUID": "a056842a-8a48-4225-adcb-a971fff6f5fe",
              "isHook": true,
              "skipped": false
            }
          ],
          "tests": [
            {
              "title": "Load the shoutL website",
              "fullTitle": "ShoutL Login Unit Testing Load the shoutL website",
              "timedOut": false,
              "duration": 394,
              "state": "passed",
              "speed": "slow",
              "pass": true,
              "fail": false,
              "pending": false,
              "context": null,
              "code": "//dev server\nawait driver.get(website_url);\nconsole.log(`Website fetched successfully`);",
              "err": {},
              "uuid": "282e0b6f-51d9-4aa0-965b-25bf41369641",
              "parentUUID": "a056842a-8a48-4225-adcb-a971fff6f5fe",
              "isHook": false,
              "skipped": false
            },
            {
              "title": "Enter the email ",
              "fullTitle": "ShoutL Login Unit Testing Enter the email ",
              "timedOut": false,
              "duration": 2170,
              "state": "passed",
              "speed": "slow",
              "pass": true,
              "fail": false,
              "pending": false,
              "context": null,
              "code": "let dev_email = process.env.dev_email;\nawait driver.findElement(By.id('email')).sendKeys(dev_email);\nawait driver.sleep(2000);\nconsole.log(\"entered email successfully\");",
              "err": {},
              "uuid": "139ec8b9-e797-4ab1-ac77-dfc46db5cecb",
              "parentUUID": "a056842a-8a48-4225-adcb-a971fff6f5fe",
              "isHook": false,
              "skipped": false
            },
            {
              "title": "Enter the password ",
              "fullTitle": "ShoutL Login Unit Testing Enter the password ",
              "timedOut": false,
              "duration": 2055,
              "state": "passed",
              "speed": "slow",
              "pass": true,
              "fail": false,
              "pending": false,
              "context": null,
              "code": "let dev_password = process.env.dev_password;\nawait driver.findElement(By.id('password')).sendKeys(dev_password);\nawait driver.sleep(2000);\nconsole.log(\"entered the password successfully \");",
              "err": {},
              "uuid": "4e823e29-513a-471e-b0a1-be6977024bbf",
              "parentUUID": "a056842a-8a48-4225-adcb-a971fff6f5fe",
              "isHook": false,
              "skipped": false
            },
            {
              "title": "clicking on the sign in button",
              "fullTitle": "ShoutL Login Unit Testing clicking on the sign in button",
              "timedOut": false,
              "duration": 5113,
              "state": "passed",
              "speed": "slow",
              "pass": true,
              "fail": false,
              "pending": false,
              "context": null,
              "code": "//finding the signin button and clicking it\n    await driver.findElement(By.xpath(\"//button[@type='submit']\")).click();\n    await driver.sleep(5000);\n    console.log(\"Successfully signed in\")",
              "err": {},
              "uuid": "fc9a2acb-7a4f-4eea-b797-5cc7ffb7e776",
              "parentUUID": "a056842a-8a48-4225-adcb-a971fff6f5fe",
              "isHook": false,
              "skipped": false
            }
          ],
          "suites": [],
          "passes": [
            "282e0b6f-51d9-4aa0-965b-25bf41369641",
            "139ec8b9-e797-4ab1-ac77-dfc46db5cecb",
            "4e823e29-513a-471e-b0a1-be6977024bbf",
            "fc9a2acb-7a4f-4eea-b797-5cc7ffb7e776"
          ],
          "failures": [],
          "pending": [],
          "skipped": [],
          "duration": 9732,
          "root": false,
          "rootEmpty": false,
          "_timeout": 60000
        }
      ],
      "passes": [],
      "failures": [],
      "pending": [],
      "skipped": [],
      "duration": 0,
      "root": true,
      "rootEmpty": true,
      "_timeout": 50000
    }
  ],
  "meta": {
    "mocha": {
      "version": "10.7.3"
    },
    "mochawesome": {
      "options": {
        "quiet": false,
        "reportFilename": "mochawesome",
        "saveHtml": true,
        "saveJson": true,
        "consoleReporter": "spec",
        "useInlineDiffs": false,
        "code": true
      },
      "version": "7.1.3"
    },
    "marge": {
      "options": null,
      "version": "6.2.0"
    }
  }
}